RUN	gatlingtest.SequentialAccessSimulation	sequentialaccesssimulation	1715751054721	 	3.10.5
USER	User Flow Scenario	START	1715751055204
USER	User Flow Scenario	START	1715751055204
USER	User Flow Scenario	START	1715751055205
USER	User Flow Scenario	START	1715751055205
USER	User Flow Scenario	START	1715751055204
USER	User Flow Scenario	START	1715751055205
USER	User Flow Scenario	START	1715751055205
USER	User Flow Scenario	START	1715751055206
USER	User Flow Scenario	START	1715751055206
USER	User Flow Scenario	START	1715751055206
USER	User Flow Scenario	START	1715751055206
USER	User Flow Scenario	START	1715751055206
USER	User Flow Scenario	START	1715751055206
USER	User Flow Scenario	START	1715751055206
USER	User Flow Scenario	START	1715751055206
USER	User Flow Scenario	START	1715751055206
USER	User Flow Scenario	START	1715751055206
USER	User Flow Scenario	START	1715751055206
USER	User Flow Scenario	START	1715751055206
USER	User Flow Scenario	START	1715751055206
USER	User Flow Scenario	START	1715751055206
USER	User Flow Scenario	START	1715751055206
USER	User Flow Scenario	START	1715751055206
USER	User Flow Scenario	START	1715751055207
USER	User Flow Scenario	START	1715751055207
USER	User Flow Scenario	START	1715751055204
USER	User Flow Scenario	START	1715751055207
USER	User Flow Scenario	START	1715751055207
USER	User Flow Scenario	START	1715751055207
USER	User Flow Scenario	START	1715751055207
USER	User Flow Scenario	START	1715751055207
USER	User Flow Scenario	START	1715751055207
USER	User Flow Scenario	START	1715751055208
USER	User Flow Scenario	START	1715751055208
USER	User Flow Scenario	START	1715751055208
USER	User Flow Scenario	START	1715751055208
USER	User Flow Scenario	START	1715751055208
USER	User Flow Scenario	START	1715751055209
USER	User Flow Scenario	START	1715751055209
USER	User Flow Scenario	START	1715751055209
USER	User Flow Scenario	START	1715751055209
USER	User Flow Scenario	START	1715751055210
REQUEST		Request /product	1715751055208	1715751055215	OK	 
REQUEST		Request /product	1715751055207	1715751055226	OK	 
REQUEST		Request /product	1715751055207	1715751055227	OK	 
REQUEST		Request /product	1715751055206	1715751055222	OK	 
REQUEST		Request /product	1715751055199	1715751055216	OK	 
REQUEST		Request /product	1715751055207	1715751055226	OK	 
REQUEST		Request /product	1715751055205	1715751055221	OK	 
REQUEST		Request /product	1715751055199	1715751055226	OK	 
REQUEST		Request /product	1715751055199	1715751055217	OK	 
REQUEST		Request /product	1715751055205	1715751055232	OK	 
REQUEST		Request /product	1715751055207	1715751055232	OK	 
REQUEST		Request /product	1715751055199	1715751055232	OK	 
REQUEST		Request /product	1715751055206	1715751055232	OK	 
REQUEST		Request /product	1715751055205	1715751055232	OK	 
REQUEST		Request /product	1715751055207	1715751055232	OK	 
REQUEST		Request /product	1715751055205	1715751055232	OK	 
REQUEST		Request /product	1715751055207	1715751055232	OK	 
REQUEST		Request /product	1715751055206	1715751055232	OK	 
REQUEST		Request /product	1715751055207	1715751055233	OK	 
REQUEST		Request /product	1715751055208	1715751055233	OK	 
REQUEST		Request /product	1715751055208	1715751055233	OK	 
REQUEST		Request /product	1715751055200	1715751055233	OK	 
REQUEST		Request /product	1715751055207	1715751055233	OK	 
REQUEST		Request /product	1715751055206	1715751055233	OK	 
REQUEST		Request /product	1715751055206	1715751055233	OK	 
REQUEST		Request /product	1715751055200	1715751055233	OK	 
REQUEST		Request /product	1715751055206	1715751055233	OK	 
REQUEST		Request /product	1715751055207	1715751055233	OK	 
REQUEST		Request /product	1715751055208	1715751055233	OK	 
REQUEST		Request /product	1715751055200	1715751055233	OK	 
REQUEST		Request /product	1715751055206	1715751055233	OK	 
REQUEST		Request /product	1715751055207	1715751055233	OK	 
REQUEST		Request /product	1715751055209	1715751055233	OK	 
REQUEST		Request /product	1715751055199	1715751055233	OK	 
REQUEST		Request /product	1715751055206	1715751055233	OK	 
REQUEST		Request /product	1715751055206	1715751055233	OK	 
REQUEST		Request /product	1715751055199	1715751055234	OK	 
REQUEST		Request /product	1715751055205	1715751055234	OK	 
USER	User Flow Scenario	START	1715751055255
USER	User Flow Scenario	START	1715751055255
USER	User Flow Scenario	START	1715751055256
USER	User Flow Scenario	START	1715751055256
USER	User Flow Scenario	START	1715751055256
USER	User Flow Scenario	START	1715751055256
USER	User Flow Scenario	START	1715751055256
USER	User Flow Scenario	START	1715751055256
USER	User Flow Scenario	START	1715751055256
USER	User Flow Scenario	START	1715751055256
USER	User Flow Scenario	START	1715751055256
USER	User Flow Scenario	START	1715751055256
USER	User Flow Scenario	START	1715751055256
USER	User Flow Scenario	START	1715751055256
USER	User Flow Scenario	START	1715751055256
USER	User Flow Scenario	START	1715751055256
USER	User Flow Scenario	START	1715751055256
USER	User Flow Scenario	START	1715751055257
USER	User Flow Scenario	START	1715751055257
USER	User Flow Scenario	START	1715751055257
USER	User Flow Scenario	START	1715751055257
USER	User Flow Scenario	START	1715751055257
USER	User Flow Scenario	START	1715751055257
USER	User Flow Scenario	START	1715751055257
USER	User Flow Scenario	START	1715751055257
USER	User Flow Scenario	START	1715751055257
USER	User Flow Scenario	START	1715751055257
USER	User Flow Scenario	START	1715751055257
USER	User Flow Scenario	START	1715751055257
USER	User Flow Scenario	START	1715751055258
USER	User Flow Scenario	START	1715751055258
USER	User Flow Scenario	START	1715751055258
USER	User Flow Scenario	START	1715751055258
USER	User Flow Scenario	START	1715751055258
USER	User Flow Scenario	START	1715751055258
USER	User Flow Scenario	START	1715751055259
USER	User Flow Scenario	START	1715751055259
USER	User Flow Scenario	START	1715751055259
USER	User Flow Scenario	START	1715751055259
USER	User Flow Scenario	START	1715751055259
USER	User Flow Scenario	START	1715751055259
USER	User Flow Scenario	START	1715751055259
USER	User Flow Scenario	START	1715751055259
USER	User Flow Scenario	START	1715751055259
USER	User Flow Scenario	START	1715751055259
USER	User Flow Scenario	START	1715751055260
USER	User Flow Scenario	START	1715751055260
USER	User Flow Scenario	START	1715751055260
USER	User Flow Scenario	START	1715751055260
USER	User Flow Scenario	START	1715751055260
USER	User Flow Scenario	START	1715751055261
USER	User Flow Scenario	START	1715751055261
USER	User Flow Scenario	START	1715751055263
USER	User Flow Scenario	START	1715751055261
USER	User Flow Scenario	START	1715751055264
USER	User Flow Scenario	START	1715751055265
USER	User Flow Scenario	START	1715751055265
USER	User Flow Scenario	START	1715751055265
REQUEST		Request /product	1715751055200	1715751055268	OK	 
REQUEST		Request /product	1715751055200	1715751055268	OK	 
REQUEST		Request /product	1715751055259	1715751055271	OK	 
REQUEST		Request /product	1715751055256	1715751055273	OK	 
REQUEST		Request /product	1715751055258	1715751055275	OK	 
REQUEST		Request /product	1715751055260	1715751055275	OK	 
REQUEST		Request /product	1715751055257	1715751055276	OK	 
REQUEST		Request /product	1715751055199	1715751055276	OK	 
REQUEST		Request /product	1715751055208	1715751055276	OK	 
REQUEST		Request /product	1715751055200	1715751055276	OK	 
REQUEST		Request /product	1715751055258	1715751055277	OK	 
REQUEST		Request /product	1715751055200	1715751055277	OK	 
REQUEST		Request /product	1715751055257	1715751055277	OK	 
REQUEST		Request /product	1715751055200	1715751055277	OK	 
REQUEST		Request /product	1715751055200	1715751055277	OK	 
REQUEST		Request /product	1715751055209	1715751055277	OK	 
REQUEST		Request /product	1715751055258	1715751055277	OK	 
REQUEST		Request /product	1715751055259	1715751055277	OK	 
REQUEST		Request /product	1715751055259	1715751055277	OK	 
REQUEST		Request /product	1715751055258	1715751055278	OK	 
REQUEST		Request /product	1715751055257	1715751055279	OK	 
REQUEST		Request /product	1715751055257	1715751055279	OK	 
REQUEST		Request /product	1715751055260	1715751055283	OK	 
REQUEST		Request /product	1715751055199	1715751055283	OK	 
REQUEST		Request /product	1715751055257	1715751055283	OK	 
REQUEST		Request /product	1715751055265	1715751055284	OK	 
REQUEST		Request /product	1715751055257	1715751055284	OK	 
REQUEST		Request /product	1715751055256	1715751055284	OK	 
REQUEST		Request /product	1715751055200	1715751055284	OK	 
REQUEST		Request /product	1715751055259	1715751055284	OK	 
REQUEST		Request /product	1715751055200	1715751055285	OK	 
REQUEST		Request /product	1715751055256	1715751055285	OK	 
REQUEST		Request /product	1715751055257	1715751055285	OK	 
REQUEST		Request /product	1715751055209	1715751055285	OK	 
REQUEST		Request /product	1715751055257	1715751055286	OK	 
REQUEST		Request /product	1715751055265	1715751055286	OK	 
REQUEST		Request /product	1715751055259	1715751055286	OK	 
REQUEST		Request /product	1715751055260	1715751055286	OK	 
REQUEST		Request /product	1715751055259	1715751055286	OK	 
REQUEST		Request /product	1715751055257	1715751055286	OK	 
REQUEST		Request /product	1715751055259	1715751055286	OK	 
REQUEST		Request /product	1715751055199	1715751055287	OK	 
REQUEST		Request /product	1715751055261	1715751055287	OK	 
REQUEST		Request /product	1715751055257	1715751055287	OK	 
REQUEST		Request /product	1715751055261	1715751055287	OK	 
REQUEST		Request /product	1715751055257	1715751055287	OK	 
REQUEST		Request /product	1715751055260	1715751055289	OK	 
REQUEST		Request /product	1715751055259	1715751055289	OK	 
REQUEST		Request /product	1715751055256	1715751055293	OK	 
REQUEST		Request /product	1715751055257	1715751055293	OK	 
REQUEST		Request /product	1715751055257	1715751055293	OK	 
REQUEST		Request /product	1715751055199	1715751055293	OK	 
REQUEST		Request /product	1715751055256	1715751055293	OK	 
REQUEST		Request /product	1715751055199	1715751055294	OK	 
REQUEST		Request /product	1715751055257	1715751055294	OK	 
REQUEST		Request /product	1715751055256	1715751055294	OK	 
REQUEST		Request /product	1715751055199	1715751055294	OK	 
REQUEST		Request /product	1715751055199	1715751055294	OK	 
REQUEST		Request /product	1715751055264	1715751055294	OK	 
REQUEST		Request /product	1715751055210	1715751055294	OK	 
REQUEST		Request /product	1715751055260	1715751055295	OK	 
REQUEST		Request /product	1715751055256	1715751055295	OK	 
REQUEST		Request /cart	1715751056250	1715751056281	OK	 
REQUEST		Request /cart	1715751056307	1715751056326	OK	 
REQUEST		Request /cart	1715751056318	1715751056332	OK	 
REQUEST		Request /cart	1715751056318	1715751056342	OK	 
REQUEST		Request /cart	1715751056331	1715751056347	OK	 
REQUEST		Request /cart	1715751056329	1715751056347	OK	 
REQUEST		Request /cart	1715751056348	1715751056357	OK	 
REQUEST		Request /cart	1715751056340	1715751056359	OK	 
REQUEST		Request /cart	1715751056347	1715751056369	OK	 
REQUEST		Request /cart	1715751056383	1715751056389	OK	 
REQUEST		Request /cart	1715751056373	1715751056399	OK	 
REQUEST		Request /cart	1715751056403	1715751056423	OK	 
REQUEST		Request /cart	1715751056423	1715751056434	OK	 
REQUEST		Request /cart	1715751056426	1715751056441	OK	 
REQUEST		Request /cart	1715751056435	1715751056448	OK	 
REQUEST		Request /cart	1715751056446	1715751056456	OK	 
REQUEST		Request /cart	1715751056455	1715751056462	OK	 
REQUEST		Request /cart	1715751056445	1715751056468	OK	 
REQUEST		Request /cart	1715751056454	1715751056470	OK	 
REQUEST		Request /cart	1715751056461	1715751056480	OK	 
REQUEST		Request /cart	1715751056480	1715751056492	OK	 
REQUEST		Request /cart	1715751056487	1715751056497	OK	 
REQUEST		Request /cart	1715751056478	1715751056504	OK	 
REQUEST		Request /cart	1715751056497	1715751056515	OK	 
REQUEST		Request /cart	1715751056492	1715751056520	OK	 
REQUEST		Request /cart	1715751056532	1715751056541	OK	 
REQUEST		Request /cart	1715751056522	1715751056543	OK	 
REQUEST		Request /cart	1715751056561	1715751056567	OK	 
REQUEST		Request /cart	1715751056595	1715751056619	OK	 
REQUEST		Request /cart	1715751056620	1715751056631	OK	 
REQUEST		Request /cart	1715751056625	1715751056636	OK	 
REQUEST		Request /cart	1715751056602	1715751056639	OK	 
REQUEST		Request /cart	1715751056630	1715751056650	OK	 
REQUEST		Request /cart	1715751056652	1715751056672	OK	 
REQUEST		Request /cart	1715751056660	1715751056673	OK	 
REQUEST		Request /cart	1715751056664	1715751056674	OK	 
REQUEST		Request /cart	1715751056663	1715751056677	OK	 
REQUEST		Request /cart	1715751056660	1715751056687	OK	 
REQUEST		Request /cart	1715751056683	1715751056688	OK	 
REQUEST		Request /cart	1715751056679	1715751056690	OK	 
REQUEST		Request /cart	1715751056667	1715751056693	OK	 
REQUEST		Request /cart	1715751056710	1715751056729	OK	 
REQUEST		Request /cart	1715751056665	1715751056744	OK	 
REQUEST		Request /cart	1715751056685	1715751056753	OK	 
REQUEST		Request /cart	1715751056745	1715751056757	OK	 
REQUEST		Request /cart	1715751056746	1715751056765	OK	 
REQUEST		Request /cart	1715751056722	1715751056765	OK	 
REQUEST		Request /cart	1715751056774	1715751056778	OK	 
REQUEST		Request /cart	1715751056771	1715751056788	OK	 
REQUEST		Request /cart	1715751056779	1715751056805	OK	 
REQUEST		Request /cart	1715751056801	1715751056816	OK	 
REQUEST		Request /cart	1715751056797	1715751056826	OK	 
REQUEST		Request /cart	1715751056794	1715751056838	OK	 
REQUEST		Request /cart	1715751056828	1715751056839	OK	 
REQUEST		Request /cart	1715751056824	1715751056846	OK	 
REQUEST		Request /cart	1715751056835	1715751056846	OK	 
REQUEST		Request /cart	1715751056820	1715751056848	OK	 
REQUEST		Request /cart	1715751056834	1715751056849	OK	 
REQUEST		Request /cart	1715751056841	1715751056851	OK	 
REQUEST		Request /cart	1715751056806	1715751056852	OK	 
REQUEST		Request /cart	1715751056857	1715751056880	OK	 
REQUEST		Request /cart	1715751056872	1715751056901	OK	 
REQUEST		Request /cart	1715751056896	1715751056916	OK	 
REQUEST		Request /cart	1715751056923	1715751056926	OK	 
REQUEST		Request /cart	1715751056928	1715751056936	OK	 
REQUEST		Request /cart	1715751056923	1715751056938	OK	 
REQUEST		Request /cart	1715751056920	1715751056948	OK	 
REQUEST		Request /cart	1715751056892	1715751056959	OK	 
REQUEST		Request /cart	1715751056965	1715751056991	OK	 
REQUEST		Request /cart	1715751056967	1715751056994	OK	 
REQUEST		Request /cart	1715751056968	1715751056994	OK	 
REQUEST		Request /cart	1715751056982	1715751057009	OK	 
REQUEST		Request /cart	1715751057019	1715751057032	OK	 
REQUEST		Request /cart	1715751057019	1715751057039	OK	 
REQUEST		Request /cart	1715751057049	1715751057055	OK	 
REQUEST		Request /cart	1715751057019	1715751057058	OK	 
REQUEST		Request /cart	1715751057040	1715751057059	OK	 
REQUEST		Request /cart	1715751057049	1715751057062	OK	 
REQUEST		Request /cart	1715751057060	1715751057069	OK	 
REQUEST		Request /cart	1715751057064	1715751057086	OK	 
REQUEST		Request /cart	1715751057065	1715751057089	OK	 
REQUEST		Request /cart	1715751057089	1715751057099	OK	 
REQUEST		Request /cart	1715751057086	1715751057102	OK	 
REQUEST		Request /cart	1715751057099	1715751057112	OK	 
REQUEST		Request /cart	1715751057113	1715751057119	OK	 
REQUEST		Request /cart	1715751057070	1715751057136	OK	 
REQUEST		Request /cart	1715751057134	1715751057140	OK	 
REQUEST		Request /cart	1715751057092	1715751057157	OK	 
REQUEST		Request /cart	1715751057132	1715751057159	OK	 
REQUEST		Request /cart	1715751057145	1715751057161	OK	 
REQUEST		Request /cart	1715751057178	1715751057186	OK	 
REQUEST		Request /cart	1715751057201	1715751057218	OK	 
REQUEST		Request /cart	1715751057234	1715751057244	OK	 
REQUEST		Request /cart	1715751057221	1715751057247	OK	 
REQUEST		Request /cart	1715751057228	1715751057252	OK	 
REQUEST		Request /cart	1715751057254	1715751057265	OK	 
REQUEST		Request /cart	1715751057261	1715751057273	OK	 
REQUEST		Request /cart	1715751057272	1715751057278	OK	 
REQUEST		Request /cart	1715751057278	1715751057303	OK	 
REQUEST		Request /cart	1715751057290	1715751057313	OK	 
USER	User Flow Scenario	END	1715751057397
USER	User Flow Scenario	END	1715751057397
USER	User Flow Scenario	END	1715751057493
USER	User Flow Scenario	END	1715751057532
USER	User Flow Scenario	END	1715751057558
USER	User Flow Scenario	END	1715751057573
USER	User Flow Scenario	END	1715751057618
USER	User Flow Scenario	END	1715751057659
USER	User Flow Scenario	END	1715751057691
USER	User Flow Scenario	END	1715751057734
USER	User Flow Scenario	END	1715751057747
USER	User Flow Scenario	END	1715751057777
USER	User Flow Scenario	END	1715751057786
USER	User Flow Scenario	END	1715751057823
USER	User Flow Scenario	END	1715751057824
USER	User Flow Scenario	END	1715751057832
USER	User Flow Scenario	END	1715751057919
USER	User Flow Scenario	END	1715751057925
USER	User Flow Scenario	END	1715751057928
USER	User Flow Scenario	END	1715751057977
USER	User Flow Scenario	END	1715751057981
USER	User Flow Scenario	END	1715751057992
USER	User Flow Scenario	END	1715751057994
USER	User Flow Scenario	END	1715751058021
USER	User Flow Scenario	END	1715751058028
USER	User Flow Scenario	END	1715751058029
USER	User Flow Scenario	END	1715751058123
USER	User Flow Scenario	END	1715751058144
USER	User Flow Scenario	END	1715751058151
USER	User Flow Scenario	END	1715751058154
USER	User Flow Scenario	END	1715751058159
USER	User Flow Scenario	END	1715751058172
USER	User Flow Scenario	END	1715751058205
USER	User Flow Scenario	END	1715751058209
USER	User Flow Scenario	END	1715751058222
USER	User Flow Scenario	END	1715751058229
USER	User Flow Scenario	END	1715751058242
USER	User Flow Scenario	END	1715751058244
USER	User Flow Scenario	END	1715751058255
USER	User Flow Scenario	END	1715751058257
USER	User Flow Scenario	END	1715751058263
USER	User Flow Scenario	END	1715751058270
USER	User Flow Scenario	END	1715751058282
USER	User Flow Scenario	END	1715751058286
USER	User Flow Scenario	END	1715751058288
USER	User Flow Scenario	END	1715751058315
USER	User Flow Scenario	END	1715751058320
USER	User Flow Scenario	END	1715751058321
USER	User Flow Scenario	END	1715751058348
USER	User Flow Scenario	END	1715751058350
USER	User Flow Scenario	END	1715751058353
USER	User Flow Scenario	END	1715751058357
USER	User Flow Scenario	END	1715751058362
USER	User Flow Scenario	END	1715751058370
USER	User Flow Scenario	END	1715751058386
USER	User Flow Scenario	END	1715751058396
USER	User Flow Scenario	END	1715751058408
USER	User Flow Scenario	END	1715751058432
USER	User Flow Scenario	END	1715751058435
USER	User Flow Scenario	END	1715751058442
USER	User Flow Scenario	END	1715751058444
USER	User Flow Scenario	END	1715751058483
USER	User Flow Scenario	END	1715751058491
USER	User Flow Scenario	END	1715751058496
USER	User Flow Scenario	END	1715751058528
USER	User Flow Scenario	END	1715751058532
USER	User Flow Scenario	END	1715751058534
USER	User Flow Scenario	END	1715751058546
USER	User Flow Scenario	END	1715751058548
USER	User Flow Scenario	END	1715751058549
USER	User Flow Scenario	END	1715751058553
USER	User Flow Scenario	END	1715751058562
USER	User Flow Scenario	END	1715751058572
USER	User Flow Scenario	END	1715751058573
USER	User Flow Scenario	END	1715751058629
USER	User Flow Scenario	END	1715751058633
USER	User Flow Scenario	END	1715751058635
USER	User Flow Scenario	END	1715751058636
USER	User Flow Scenario	END	1715751058638
USER	User Flow Scenario	END	1715751058693
USER	User Flow Scenario	END	1715751058712
USER	User Flow Scenario	END	1715751058713
USER	User Flow Scenario	END	1715751058767
USER	User Flow Scenario	END	1715751058784
USER	User Flow Scenario	END	1715751058790
USER	User Flow Scenario	END	1715751058819
USER	User Flow Scenario	END	1715751058851
USER	User Flow Scenario	END	1715751058858
USER	User Flow Scenario	END	1715751058859
USER	User Flow Scenario	END	1715751058870
USER	User Flow Scenario	END	1715751058870
USER	User Flow Scenario	END	1715751058884
USER	User Flow Scenario	END	1715751058908
USER	User Flow Scenario	END	1715751058979
USER	User Flow Scenario	END	1715751058999
USER	User Flow Scenario	END	1715751059092
USER	User Flow Scenario	END	1715751059108
USER	User Flow Scenario	END	1715751059142
USER	User Flow Scenario	END	1715751059200
USER	User Flow Scenario	END	1715751059213
